android/app/build/intermediates/manifest_merge_blame_file/debug/manifest-merger-blame-debug-report.txt
1<?xml version="1.0" encoding="utf-8"?>
2<manifest xmlns:android="http://schemas.android.com/apk/res/android"
3    package="com.pressuretestplusapp"
4    android:versionCode="1"
5    android:versionName="1.0" >
6
7    <uses-sdk
8        android:minSdkVersion="23"
9        android:targetSdkVersion="34" />
10
11    <uses-permission android:name="android.permission.INTERNET" />
11-->src/main/AndroidManifest.xml:2:3-65
11-->src/main/AndroidManifest.xml:2:20-62
12    <uses-permission android:name="android.permission.BLUETOOTH" />
12-->[:react-native-ble-manager] AndroidManifest.xml:7:5-68
12-->[:react-native-ble-manager] AndroidManifest.xml:7:22-65
13    <uses-permission android:name="android.permission.BLUETOOTH_ADMIN" />
13-->[:react-native-ble-manager] AndroidManifest.xml:8:5-74
13-->[:react-native-ble-manager] AndroidManifest.xml:8:22-71
14    <uses-permission android:name="android.permission.ACCESS_COARSE_LOCATION" />
14-->[:react-native-ble-manager] AndroidManifest.xml:9:5-81
14-->[:react-native-ble-manager] AndroidManifest.xml:9:22-78
15
16    <uses-feature
16-->[:react-native-ble-manager] AndroidManifest.xml:11:5-13:36
17        android:name="android.hardware.bluetooth_le"
17-->[:react-native-ble-manager] AndroidManifest.xml:12:9-53
18        android:required="false" />
18-->[:react-native-ble-manager] AndroidManifest.xml:13:9-33
19    <!--
20    This manifest file is used only by Gradle to configure debug-only capabilities
21    for React Native Apps.
22    -->
23    <uses-permission android:name="android.permission.SYSTEM_ALERT_WINDOW" />
23-->[com.facebook.react:react-android:0.74.3] AndroidManifest.xml:16:5-78
23-->[com.facebook.react:react-android:0.74.3] AndroidManifest.xml:16:22-75
24
25    <permission
25-->[androidx.core:core:1.9.0] AndroidManifest.xml:22:5-24:47
26        android:name="com.pressuretestplusapp.DYNAMIC_RECEIVER_NOT_EXPORTED_PERMISSION"
26-->[androidx.core:core:1.9.0] AndroidManifest.xml:23:9-81
27        android:protectionLevel="signature" />
27-->[androidx.core:core:1.9.0] AndroidManifest.xml:24:9-44
28
29    <uses-permission android:name="com.pressuretestplusapp.DYNAMIC_RECEIVER_NOT_EXPORTED_PERMISSION" />
29-->[androidx.core:core:1.9.0] AndroidManifest.xml:26:5-97
29-->[androidx.core:core:1.9.0] AndroidManifest.xml:26:22-94
30
31    <application
31-->src/main/AndroidManifest.xml:4:3-24:17
32        android:name="com.pressuretestplusapp.MainApplication"
32-->src/main/AndroidManifest.xml:5:5-36
33        android:allowBackup="false"
33-->src/main/AndroidManifest.xml:9:5-32
34        android:appComponentFactory="androidx.core.app.CoreComponentFactory"
34-->[androidx.core:core:1.9.0] AndroidManifest.xml:28:18-86
35        android:debuggable="true"
36        android:extractNativeLibs="false"
37        android:icon="@mipmap/ic_launcher"
37-->src/main/AndroidManifest.xml:7:5-39
38        android:label="@string/app_name"
38-->src/main/AndroidManifest.xml:6:5-37
39        android:roundIcon="@mipmap/ic_launcher_round"
39-->src/main/AndroidManifest.xml:8:5-50
40        android:testOnly="true"
41        android:theme="@style/AppTheme"
41-->src/main/AndroidManifest.xml:10:5-36
42        android:usesCleartextTraffic="true" >
42-->src/debug/AndroidManifest.xml:6:9-44
43        <activity
43-->src/main/AndroidManifest.xml:11:5-23:16
44            android:name="com.pressuretestplusapp.MainActivity"
44-->src/main/AndroidManifest.xml:12:7-35
45            android:configChanges="keyboard|keyboardHidden|orientation|screenLayout|screenSize|smallestScreenSize|uiMode"
45-->src/main/AndroidManifest.xml:14:7-116
46            android:exported="true"
46-->src/main/AndroidManifest.xml:17:7-30
47            android:label="@string/app_name"
47-->src/main/AndroidManifest.xml:13:7-39
48            android:launchMode="singleTask"
48-->src/main/AndroidManifest.xml:15:7-38
49            android:theme="@style/BootTheme"
49-->src/main/AndroidManifest.xml:18:7-39
50            android:windowSoftInputMode="adjustResize" >
50-->src/main/AndroidManifest.xml:16:7-49
51            <intent-filter>
51-->src/main/AndroidManifest.xml:19:7-22:23
52                <action android:name="android.intent.action.MAIN" />
52-->src/main/AndroidManifest.xml:20:9-61
52-->src/main/AndroidManifest.xml:20:17-58
53
54                <category android:name="android.intent.category.LAUNCHER" />
54-->src/main/AndroidManifest.xml:21:9-69
54-->src/main/AndroidManifest.xml:21:19-66
55            </intent-filter>
56        </activity>
57        <activity
57-->[com.facebook.react:react-android:0.74.3] AndroidManifest.xml:19:9-21:40
58            android:name="com.facebook.react.devsupport.DevSettingsActivity"
58-->[com.facebook.react:react-android:0.74.3] AndroidManifest.xml:20:13-77
59            android:exported="false" />
59-->[com.facebook.react:react-android:0.74.3] AndroidManifest.xml:21:13-37
60
61        <provider
61-->[androidx.emoji2:emoji2:1.2.0] AndroidManifest.xml:24:9-32:20
62            android:name="androidx.startup.InitializationProvider"
62-->[androidx.emoji2:emoji2:1.2.0] AndroidManifest.xml:25:13-67
63            android:authorities="com.pressuretestplusapp.androidx-startup"
63-->[androidx.emoji2:emoji2:1.2.0] AndroidManifest.xml:26:13-68
64            android:exported="false" >
64-->[androidx.emoji2:emoji2:1.2.0] AndroidManifest.xml:27:13-37
65            <meta-data
65-->[androidx.emoji2:emoji2:1.2.0] AndroidManifest.xml:29:13-31:52
66                android:name="androidx.emoji2.text.EmojiCompatInitializer"
66-->[androidx.emoji2:emoji2:1.2.0] AndroidManifest.xml:30:17-75
67                android:value="androidx.startup" />
67-->[androidx.emoji2:emoji2:1.2.0] AndroidManifest.xml:31:17-49
68            <meta-data
68-->[androidx.lifecycle:lifecycle-process:2.4.1] AndroidManifest.xml:31:13-33:52
69                android:name="androidx.lifecycle.ProcessLifecycleInitializer"
69-->[androidx.lifecycle:lifecycle-process:2.4.1] AndroidManifest.xml:32:17-78
70                android:value="androidx.startup" />
70-->[androidx.lifecycle:lifecycle-process:2.4.1] AndroidManifest.xml:33:17-49
71        </provider>
72
73        <meta-data
73-->[com.facebook.soloader:soloader:0.10.5] AndroidManifest.xml:12:9-14:37
74            android:name="com.facebook.soloader.enabled"
74-->[com.facebook.soloader:soloader:0.10.5] AndroidManifest.xml:13:13-57
75            android:value="false" />
75-->[com.facebook.soloader:soloader:0.10.5] AndroidManifest.xml:14:13-34
76    </application>
77
78</manifest>